{"uid":"948baadc8c8534e8","name":"a project cannot be found by name by an unauthorized user()","fullName":"com.jetbrains.teamcity.api.ProjectTest.a project cannot be found by name by an unauthorized user","historyId":"fffa2342a3f6c2ca9379163af415bfd9","time":{"start":1741001344648,"stop":1741001344810,"duration":162},"description":"","status":"failed","statusMessage":"1 expectation failed.\nResponse body doesn't match expectation.\nExpected: a string containing \"Authentication required\"\n  Actual: There is no administrator account on the server\nTo login manually go to \"/login.html\" page\n","statusTrace":"java.lang.AssertionError: 1 expectation failed.\nResponse body doesn't match expectation.\nExpected: a string containing \"Authentication required\"\n  Actual: There is no administrator account on the server\nTo login manually go to \"/login.html\" page\n\n\tat java.base/jdk.internal.reflect.DirectConstructorHandleAccessor.newInstance(DirectConstructorHandleAccessor.java:62)\n\tat java.base/java.lang.reflect.Constructor.newInstanceWithCaller(Constructor.java:502)\n\tat java.base/java.lang.reflect.Constructor.newInstance(Constructor.java:486)\n\tat org.codehaus.groovy.reflection.CachedConstructor.invoke(CachedConstructor.java:73)\n\tat org.codehaus.groovy.runtime.callsite.ConstructorSite$ConstructorSiteNoUnwrapNoCoerce.callConstructor(ConstructorSite.java:108)\n\tat org.codehaus.groovy.runtime.callsite.AbstractCallSite.callConstructor(AbstractCallSite.java:277)\n\tat io.restassured.internal.ResponseSpecificationImpl$HamcrestAssertionClosure.validate(ResponseSpecificationImpl.groovy:512)\n\tat io.restassured.internal.ResponseSpecificationImpl$HamcrestAssertionClosure$validate$1.call(Unknown Source)\n\tat io.restassured.internal.ResponseSpecificationImpl.validate(ResponseSpecificationImpl.groovy:101)\n\tat io.restassured.internal.ValidatableResponseOptionsImpl.spec(ValidatableResponseOptionsImpl.java:288)\n\tat com.jetbrains.teamcity.api.ProjectTest.a project cannot be found by name by an unauthorized user(ProjectTest.kt:269)\n\tat java.base/java.lang.reflect.Method.invoke(Method.java:580)\n\tat java.base/java.util.ArrayList.forEach(ArrayList.java:1596)\n\tat java.base/java.util.ArrayList.forEach(ArrayList.java:1596)\n","flaky":false,"newFailed":false,"newBroken":false,"newPassed":false,"retriesCount":0,"retriesStatusChange":false,"beforeStages":[],"testStage":{"description":"","status":"failed","statusMessage":"1 expectation failed.\nResponse body doesn't match expectation.\nExpected: a string containing \"Authentication required\"\n  Actual: There is no administrator account on the server\nTo login manually go to \"/login.html\" page\n","statusTrace":"java.lang.AssertionError: 1 expectation failed.\nResponse body doesn't match expectation.\nExpected: a string containing \"Authentication required\"\n  Actual: There is no administrator account on the server\nTo login manually go to \"/login.html\" page\n\n\tat java.base/jdk.internal.reflect.DirectConstructorHandleAccessor.newInstance(DirectConstructorHandleAccessor.java:62)\n\tat java.base/java.lang.reflect.Constructor.newInstanceWithCaller(Constructor.java:502)\n\tat java.base/java.lang.reflect.Constructor.newInstance(Constructor.java:486)\n\tat org.codehaus.groovy.reflection.CachedConstructor.invoke(CachedConstructor.java:73)\n\tat org.codehaus.groovy.runtime.callsite.ConstructorSite$ConstructorSiteNoUnwrapNoCoerce.callConstructor(ConstructorSite.java:108)\n\tat org.codehaus.groovy.runtime.callsite.AbstractCallSite.callConstructor(AbstractCallSite.java:277)\n\tat io.restassured.internal.ResponseSpecificationImpl$HamcrestAssertionClosure.validate(ResponseSpecificationImpl.groovy:512)\n\tat io.restassured.internal.ResponseSpecificationImpl$HamcrestAssertionClosure$validate$1.call(Unknown Source)\n\tat io.restassured.internal.ResponseSpecificationImpl.validate(ResponseSpecificationImpl.groovy:101)\n\tat io.restassured.internal.ValidatableResponseOptionsImpl.spec(ValidatableResponseOptionsImpl.java:288)\n\tat com.jetbrains.teamcity.api.ProjectTest.a project cannot be found by name by an unauthorized user(ProjectTest.kt:269)\n\tat java.base/java.lang.reflect.Method.invoke(Method.java:580)\n\tat java.base/java.util.ArrayList.forEach(ArrayList.java:1596)\n\tat java.base/java.util.ArrayList.forEach(ArrayList.java:1596)\n","steps":[],"attachments":[{"uid":"6769b0a0f465adaa","name":"Request","source":"6769b0a0f465adaa.html","type":"text/html","size":1027},{"uid":"aaed454dc5e9e03e","name":"HTTP/1.1 200 ","source":"aaed454dc5e9e03e.html","type":"text/html","size":2183},{"uid":"e6636912ad6e853a","name":"Request","source":"e6636912ad6e853a.html","type":"text/html","size":544},{"uid":"8882b83953bdf397","name":"HTTP/1.1 401 ","source":"8882b83953bdf397.html","type":"text/html","size":744},{"uid":"e18884892deac02a","name":"Request","source":"e18884892deac02a.html","type":"text/html","size":546},{"uid":"d404334a2bc9878c","name":"HTTP/1.1 204 ","source":"d404334a2bc9878c.html","type":"text/html","size":478}],"parameters":[],"shouldDisplayMessage":true,"stepsCount":0,"attachmentsCount":6,"hasContent":true},"afterStages":[],"labels":[{"name":"tag","value":"Negative"},{"name":"tag","value":"Regression"},{"name":"tag","value":"Project"},{"name":"junit.platform.uniqueid","value":"[engine:junit-jupiter]/[class:com.jetbrains.teamcity.api.ProjectTest]/[method:a project cannot be found by name by an unauthorized user()]"},{"name":"host","value":"fv-az1369-218"},{"name":"thread","value":"4359@fv-az1369-218.Test worker(1)"},{"name":"framework","value":"junit-platform"},{"name":"language","value":"java"},{"name":"package","value":"com.jetbrains.teamcity.api.ProjectTest"},{"name":"testClass","value":"com.jetbrains.teamcity.api.ProjectTest"},{"name":"testMethod","value":"a project cannot be found by name by an unauthorized user"},{"name":"suite","value":"com.jetbrains.teamcity.api.ProjectTest"},{"name":"resultFormat","value":"allure2"}],"parameters":[],"links":[],"hidden":false,"retry":false,"extra":{"severity":"normal","retries":[],"categories":[{"name":"Product defects","matchedStatuses":[],"flaky":false}],"tags":["Project","Negative","Regression"]},"source":"948baadc8c8534e8.json","parameterValues":[]}