{"uid":"198da0e9cadb3fac","name":"a project cannot be found by name by an unauthorized user()","fullName":"com.jetbrains.teamcity.api.ProjectTest.a project cannot be found by name by an unauthorized user","historyId":"fffa2342a3f6c2ca9379163af415bfd9","time":{"start":1741005174135,"stop":1741005174333,"duration":198},"description":"","status":"failed","statusMessage":"1 expectation failed.\nResponse body doesn't match expectation.\nExpected: a string containing \"Authentication required\"\n  Actual: There is no administrator account on the server\nTo login manually go to \"/login.html\" page\n","statusTrace":"java.lang.AssertionError: 1 expectation failed.\nResponse body doesn't match expectation.\nExpected: a string containing \"Authentication required\"\n  Actual: There is no administrator account on the server\nTo login manually go to \"/login.html\" page\n\n\tat java.base/jdk.internal.reflect.DirectConstructorHandleAccessor.newInstance(DirectConstructorHandleAccessor.java:62)\n\tat java.base/java.lang.reflect.Constructor.newInstanceWithCaller(Constructor.java:502)\n\tat java.base/java.lang.reflect.Constructor.newInstance(Constructor.java:486)\n\tat org.codehaus.groovy.reflection.CachedConstructor.invoke(CachedConstructor.java:73)\n\tat org.codehaus.groovy.runtime.callsite.ConstructorSite$ConstructorSiteNoUnwrapNoCoerce.callConstructor(ConstructorSite.java:108)\n\tat org.codehaus.groovy.runtime.callsite.AbstractCallSite.callConstructor(AbstractCallSite.java:277)\n\tat io.restassured.internal.ResponseSpecificationImpl$HamcrestAssertionClosure.validate(ResponseSpecificationImpl.groovy:512)\n\tat io.restassured.internal.ResponseSpecificationImpl$HamcrestAssertionClosure$validate$1.call(Unknown Source)\n\tat io.restassured.internal.ResponseSpecificationImpl.validate(ResponseSpecificationImpl.groovy:101)\n\tat io.restassured.internal.ValidatableResponseOptionsImpl.spec(ValidatableResponseOptionsImpl.java:288)\n\tat com.jetbrains.teamcity.api.ProjectTest.a project cannot be found by name by an unauthorized user(ProjectTest.kt:269)\n\tat java.base/java.lang.reflect.Method.invoke(Method.java:580)\n\tat java.base/java.util.ArrayList.forEach(ArrayList.java:1596)\n\tat java.base/java.util.ArrayList.forEach(ArrayList.java:1596)\n","flaky":false,"newFailed":false,"newBroken":false,"newPassed":false,"retriesCount":0,"retriesStatusChange":false,"beforeStages":[],"testStage":{"description":"","status":"failed","statusMessage":"1 expectation failed.\nResponse body doesn't match expectation.\nExpected: a string containing \"Authentication required\"\n  Actual: There is no administrator account on the server\nTo login manually go to \"/login.html\" page\n","statusTrace":"java.lang.AssertionError: 1 expectation failed.\nResponse body doesn't match expectation.\nExpected: a string containing \"Authentication required\"\n  Actual: There is no administrator account on the server\nTo login manually go to \"/login.html\" page\n\n\tat java.base/jdk.internal.reflect.DirectConstructorHandleAccessor.newInstance(DirectConstructorHandleAccessor.java:62)\n\tat java.base/java.lang.reflect.Constructor.newInstanceWithCaller(Constructor.java:502)\n\tat java.base/java.lang.reflect.Constructor.newInstance(Constructor.java:486)\n\tat org.codehaus.groovy.reflection.CachedConstructor.invoke(CachedConstructor.java:73)\n\tat org.codehaus.groovy.runtime.callsite.ConstructorSite$ConstructorSiteNoUnwrapNoCoerce.callConstructor(ConstructorSite.java:108)\n\tat org.codehaus.groovy.runtime.callsite.AbstractCallSite.callConstructor(AbstractCallSite.java:277)\n\tat io.restassured.internal.ResponseSpecificationImpl$HamcrestAssertionClosure.validate(ResponseSpecificationImpl.groovy:512)\n\tat io.restassured.internal.ResponseSpecificationImpl$HamcrestAssertionClosure$validate$1.call(Unknown Source)\n\tat io.restassured.internal.ResponseSpecificationImpl.validate(ResponseSpecificationImpl.groovy:101)\n\tat io.restassured.internal.ValidatableResponseOptionsImpl.spec(ValidatableResponseOptionsImpl.java:288)\n\tat com.jetbrains.teamcity.api.ProjectTest.a project cannot be found by name by an unauthorized user(ProjectTest.kt:269)\n\tat java.base/java.lang.reflect.Method.invoke(Method.java:580)\n\tat java.base/java.util.ArrayList.forEach(ArrayList.java:1596)\n\tat java.base/java.util.ArrayList.forEach(ArrayList.java:1596)\n","steps":[],"attachments":[{"uid":"10758041a8fc17e7","name":"Request","source":"10758041a8fc17e7.html","type":"text/html","size":1027},{"uid":"675909f29d5068cc","name":"HTTP/1.1 200 ","source":"675909f29d5068cc.html","type":"text/html","size":2183},{"uid":"84a915f26bdeb666","name":"Request","source":"84a915f26bdeb666.html","type":"text/html","size":544},{"uid":"9a0f417b1ac1a32c","name":"HTTP/1.1 401 ","source":"9a0f417b1ac1a32c.html","type":"text/html","size":744},{"uid":"b89f7d671313c7e7","name":"Request","source":"b89f7d671313c7e7.html","type":"text/html","size":546},{"uid":"7ce6fb2b36dbd93a","name":"HTTP/1.1 204 ","source":"7ce6fb2b36dbd93a.html","type":"text/html","size":478}],"parameters":[],"shouldDisplayMessage":true,"stepsCount":0,"attachmentsCount":6,"hasContent":true},"afterStages":[],"labels":[{"name":"tag","value":"Negative"},{"name":"tag","value":"Regression"},{"name":"tag","value":"Project"},{"name":"junit.platform.uniqueid","value":"[engine:junit-jupiter]/[class:com.jetbrains.teamcity.api.ProjectTest]/[method:a project cannot be found by name by an unauthorized user()]"},{"name":"host","value":"fv-az1334-603"},{"name":"thread","value":"4348@fv-az1334-603.Test worker(1)"},{"name":"framework","value":"junit-platform"},{"name":"language","value":"java"},{"name":"package","value":"com.jetbrains.teamcity.api.ProjectTest"},{"name":"testClass","value":"com.jetbrains.teamcity.api.ProjectTest"},{"name":"testMethod","value":"a project cannot be found by name by an unauthorized user"},{"name":"suite","value":"com.jetbrains.teamcity.api.ProjectTest"},{"name":"resultFormat","value":"allure2"}],"parameters":[],"links":[],"hidden":false,"retry":false,"extra":{"severity":"normal","retries":[],"categories":[{"name":"Product defects","matchedStatuses":[],"flaky":false}],"history":{"statistic":{"failed":2,"broken":0,"skipped":0,"passed":0,"unknown":0,"total":2},"items":[{"uid":"62c9aa1a4af2adb7","reportUrl":"https://CatHudson.github.io/automation-template/api/32//#testresult/62c9aa1a4af2adb7","status":"failed","statusDetails":"1 expectation failed.\nResponse body doesn't match expectation.\nExpected: a string containing \"Authentication required\"\n  Actual: There is no administrator account on the server\nTo login manually go to \"/login.html\" page\n","time":{"start":1741004024222,"stop":1741004024417,"duration":195}}]},"tags":["Project","Negative","Regression"]},"source":"198da0e9cadb3fac.json","parameterValues":[]}