{"uid":"d09156f7d216d1c","name":"a project cannot be found by name by an unauthorized user()","fullName":"com.jetbrains.teamcity.api.ProjectTest.a project cannot be found by name by an unauthorized user","historyId":"fffa2342a3f6c2ca9379163af415bfd9","time":{"start":1741002193825,"stop":1741002194014,"duration":189},"description":"","status":"failed","statusMessage":"1 expectation failed.\nResponse body doesn't match expectation.\nExpected: a string containing \"Authentication required\"\n  Actual: There is no administrator account on the server\nTo login manually go to \"/login.html\" page\n","statusTrace":"java.lang.AssertionError: 1 expectation failed.\nResponse body doesn't match expectation.\nExpected: a string containing \"Authentication required\"\n  Actual: There is no administrator account on the server\nTo login manually go to \"/login.html\" page\n\n\tat java.base/jdk.internal.reflect.DirectConstructorHandleAccessor.newInstance(DirectConstructorHandleAccessor.java:62)\n\tat java.base/java.lang.reflect.Constructor.newInstanceWithCaller(Constructor.java:502)\n\tat java.base/java.lang.reflect.Constructor.newInstance(Constructor.java:486)\n\tat org.codehaus.groovy.reflection.CachedConstructor.invoke(CachedConstructor.java:73)\n\tat org.codehaus.groovy.runtime.callsite.ConstructorSite$ConstructorSiteNoUnwrapNoCoerce.callConstructor(ConstructorSite.java:108)\n\tat org.codehaus.groovy.runtime.callsite.AbstractCallSite.callConstructor(AbstractCallSite.java:277)\n\tat io.restassured.internal.ResponseSpecificationImpl$HamcrestAssertionClosure.validate(ResponseSpecificationImpl.groovy:512)\n\tat io.restassured.internal.ResponseSpecificationImpl$HamcrestAssertionClosure$validate$1.call(Unknown Source)\n\tat io.restassured.internal.ResponseSpecificationImpl.validate(ResponseSpecificationImpl.groovy:101)\n\tat io.restassured.internal.ValidatableResponseOptionsImpl.spec(ValidatableResponseOptionsImpl.java:288)\n\tat com.jetbrains.teamcity.api.ProjectTest.a project cannot be found by name by an unauthorized user(ProjectTest.kt:269)\n\tat java.base/java.lang.reflect.Method.invoke(Method.java:580)\n\tat java.base/java.util.ArrayList.forEach(ArrayList.java:1596)\n\tat java.base/java.util.ArrayList.forEach(ArrayList.java:1596)\n","flaky":false,"newFailed":false,"newBroken":false,"newPassed":false,"retriesCount":0,"retriesStatusChange":false,"beforeStages":[],"testStage":{"description":"","status":"failed","statusMessage":"1 expectation failed.\nResponse body doesn't match expectation.\nExpected: a string containing \"Authentication required\"\n  Actual: There is no administrator account on the server\nTo login manually go to \"/login.html\" page\n","statusTrace":"java.lang.AssertionError: 1 expectation failed.\nResponse body doesn't match expectation.\nExpected: a string containing \"Authentication required\"\n  Actual: There is no administrator account on the server\nTo login manually go to \"/login.html\" page\n\n\tat java.base/jdk.internal.reflect.DirectConstructorHandleAccessor.newInstance(DirectConstructorHandleAccessor.java:62)\n\tat java.base/java.lang.reflect.Constructor.newInstanceWithCaller(Constructor.java:502)\n\tat java.base/java.lang.reflect.Constructor.newInstance(Constructor.java:486)\n\tat org.codehaus.groovy.reflection.CachedConstructor.invoke(CachedConstructor.java:73)\n\tat org.codehaus.groovy.runtime.callsite.ConstructorSite$ConstructorSiteNoUnwrapNoCoerce.callConstructor(ConstructorSite.java:108)\n\tat org.codehaus.groovy.runtime.callsite.AbstractCallSite.callConstructor(AbstractCallSite.java:277)\n\tat io.restassured.internal.ResponseSpecificationImpl$HamcrestAssertionClosure.validate(ResponseSpecificationImpl.groovy:512)\n\tat io.restassured.internal.ResponseSpecificationImpl$HamcrestAssertionClosure$validate$1.call(Unknown Source)\n\tat io.restassured.internal.ResponseSpecificationImpl.validate(ResponseSpecificationImpl.groovy:101)\n\tat io.restassured.internal.ValidatableResponseOptionsImpl.spec(ValidatableResponseOptionsImpl.java:288)\n\tat com.jetbrains.teamcity.api.ProjectTest.a project cannot be found by name by an unauthorized user(ProjectTest.kt:269)\n\tat java.base/java.lang.reflect.Method.invoke(Method.java:580)\n\tat java.base/java.util.ArrayList.forEach(ArrayList.java:1596)\n\tat java.base/java.util.ArrayList.forEach(ArrayList.java:1596)\n","steps":[],"attachments":[{"uid":"6707da6fc70abe26","name":"Request","source":"6707da6fc70abe26.html","type":"text/html","size":1027},{"uid":"9be1418dc02db181","name":"HTTP/1.1 200 ","source":"9be1418dc02db181.html","type":"text/html","size":2183},{"uid":"91bfe8f8c1903e67","name":"Request","source":"91bfe8f8c1903e67.html","type":"text/html","size":544},{"uid":"9fe237c50e91035e","name":"HTTP/1.1 401 ","source":"9fe237c50e91035e.html","type":"text/html","size":744},{"uid":"465cf47ac20496d1","name":"Request","source":"465cf47ac20496d1.html","type":"text/html","size":546},{"uid":"cc18527ac89c127a","name":"HTTP/1.1 204 ","source":"cc18527ac89c127a.html","type":"text/html","size":478}],"parameters":[],"shouldDisplayMessage":true,"stepsCount":0,"attachmentsCount":6,"hasContent":true},"afterStages":[],"labels":[{"name":"tag","value":"Negative"},{"name":"tag","value":"Regression"},{"name":"tag","value":"Project"},{"name":"junit.platform.uniqueid","value":"[engine:junit-jupiter]/[class:com.jetbrains.teamcity.api.ProjectTest]/[method:a project cannot be found by name by an unauthorized user()]"},{"name":"host","value":"fv-az1913-947"},{"name":"thread","value":"4441@fv-az1913-947.Test worker(1)"},{"name":"framework","value":"junit-platform"},{"name":"language","value":"java"},{"name":"package","value":"com.jetbrains.teamcity.api.ProjectTest"},{"name":"testClass","value":"com.jetbrains.teamcity.api.ProjectTest"},{"name":"testMethod","value":"a project cannot be found by name by an unauthorized user"},{"name":"suite","value":"com.jetbrains.teamcity.api.ProjectTest"},{"name":"resultFormat","value":"allure2"}],"parameters":[],"links":[],"hidden":false,"retry":false,"extra":{"severity":"normal","retries":[],"categories":[{"name":"Product defects","matchedStatuses":[],"flaky":false}],"history":{"statistic":{"failed":2,"broken":0,"skipped":0,"passed":0,"unknown":0,"total":2},"items":[{"uid":"948baadc8c8534e8","reportUrl":"https://CatHudson.github.io/automation-template/api/27//#testresult/948baadc8c8534e8","status":"failed","statusDetails":"1 expectation failed.\nResponse body doesn't match expectation.\nExpected: a string containing \"Authentication required\"\n  Actual: There is no administrator account on the server\nTo login manually go to \"/login.html\" page\n","time":{"start":1741001344648,"stop":1741001344810,"duration":162}}]},"tags":["Project","Negative","Regression"]},"source":"d09156f7d216d1c.json","parameterValues":[]}